<?xml version="1.0" encoding="UTF-8"?>
<!-- Generated by org.testng.reporters.JUnitReportReporter -->
<testsuite hostname="DESKTOP-RJ6DHNB" failures="0" tests="1" name="extentReport.ExtentReportDemo" time="15.994" errors="0" timestamp="2020-08-25T10:32:20 IST" skipped="0">
  <testcase classname="extentReport.ExtentReportDemo" name="test" time="15.994"/>
</testsuite> <!-- extentReport.ExtentReportDemo -->
