<?xml version="1.0" encoding="UTF-8"?>
<!-- Generated by org.testng.reporters.JUnitReportReporter -->
<testsuite hostname="DESKTOP-RJ6DHNB" failures="0" tests="2" name="heroku.Yatan" time="3.817" errors="0" timestamp="2020-07-29T16:19:45 IST" skipped="0">
  <testcase classname="heroku.Yatan" name="CheckBoxDemo" time="1.838"/>
  <testcase classname="heroku.Yatan" name="RadioButtons" time="1.979"/>
</testsuite> <!-- heroku.Yatan -->
