<?xml version="1.0" encoding="UTF-8"?>
<!-- Generated by org.testng.reporters.JUnitReportReporter -->
<testsuite hostname="DESKTOP-RJ6DHNB" failures="0" tests="1" name="heroku.SeleniumGrid" time="8.406" errors="0" timestamp="2020-08-09T12:51:46 IST" skipped="0">
  <testcase classname="heroku.SeleniumGrid" name="test" time="8.406"/>
</testsuite> <!-- heroku.SeleniumGrid -->
