<?xml version="1.0" encoding="UTF-8"?>
<!-- Generated by org.testng.reporters.JUnitReportReporter -->
<testsuite hostname="DESKTOP-RJ6DHNB" failures="0" tests="1" name="heroku.FileDownloader" time="21.928" errors="0" timestamp="2020-08-22T17:36:53 IST" skipped="0">
  <testcase classname="heroku.FileDownloader" name="test" time="21.928"/>
</testsuite> <!-- heroku.FileDownloader -->
