<?xml version="1.0" encoding="UTF-8"?>
<!-- Generated by org.testng.reporters.JUnitReportReporter -->
<testsuite hostname="DESKTOP-RJ6DHNB" failures="0" tests="1" name="fillo.FilloDemoUsingSelenium" time="0.023" errors="0" timestamp="2020-08-28T08:32:36 IST" skipped="0">
  <testcase classname="fillo.FilloDemoUsingSelenium" name="test1" time="0.023"/>
</testsuite> <!-- fillo.FilloDemoUsingSelenium -->
