<?xml version="1.0" encoding="UTF-8"?>
<!-- Generated by org.testng.reporters.JUnitReportReporter -->
<testsuite hostname="DESKTOP-RJ6DHNB" failures="0" tests="1" name="heroku.BasicAuth" time="5.594" errors="0" timestamp="2020-07-28T16:50:29 IST" skipped="0">
  <testcase classname="heroku.BasicAuth" name="test" time="5.594"/>
</testsuite> <!-- heroku.BasicAuth -->
