<?xml version="1.0" encoding="UTF-8"?>
<!-- Generated by org.testng.reporters.JUnitReportReporter -->
<testsuite hostname="DESKTOP-RJ6DHNB" failures="0" tests="1" name="heroku.CookiesHandling" time="2.319" errors="0" timestamp="2020-08-14T10:37:09 IST" skipped="0">
  <testcase classname="heroku.CookiesHandling" name="test" time="2.319"/>
</testsuite> <!-- heroku.CookiesHandling -->
