<?xml version="1.0" encoding="UTF-8"?>
<!-- Generated by org.testng.reporters.JUnitReportReporter -->
<testsuite hostname="DESKTOP-RJ6DHNB" failures="0" tests="1" name="heroku.ExplicitWait" time="0.935" errors="0" timestamp="2020-08-22T10:13:39 IST" skipped="0">
  <testcase classname="heroku.ExplicitWait" name="test" time="0.935"/>
</testsuite> <!-- heroku.ExplicitWait -->
