<?xml version="1.0" encoding="UTF-8"?>
<!-- Generated by org.testng.reporters.JUnitReportReporter -->
<testsuite hostname="DESKTOP-RJ6DHNB" failures="0" tests="1" name="cookiesHandling.CookieRead" time="4.135" errors="0" timestamp="2020-08-16T14:03:42 IST" skipped="0">
  <testcase classname="cookiesHandling.CookieRead" name="test" time="4.135"/>
</testsuite> <!-- cookiesHandling.CookieRead -->
