<?xml version="1.0" encoding="UTF-8"?>
<!-- Generated by org.testng.reporters.JUnitReportReporter -->
<testsuite hostname="DESKTOP-RJ6DHNB" failures="0" tests="1" name="heroku.MouseHover" time="3.933" errors="0" timestamp="2020-07-16T15:56:05 IST" skipped="0">
  <testcase classname="heroku.MouseHover" name="test" time="3.933"/>
</testsuite> <!-- heroku.MouseHover -->
